
----------------------------------------------------------------
Team Server Files Sync started at: 3/9/2017 5:48:16 AM
	Local directory: C:\IFS\Workspace\APF_DEV\DeployFiles
	Team Server directory: C:\IFS\PROJECT_ROOT\client\runtime
	Synchronization action (UpdateAll) started.
----------------------------------------------------------------

Updating local DeployFiles...
Updating: dictionary.xml.gz
Updating: HtmlAgilityPack.dll
Updating: IFS .NET Access Provider.msi
Updating: Ifs.Application.AdConfiguration.dll
Updating: Ifs.Application.AdSyncJobLogs.dll
Updating: Ifs.Application.ApplicationMonitoring.dll
Updating: Ifs.Application.ApplicationSearchConfiguration.dll
Updating: Ifs.Application.Appsrv.dll
Updating: Ifs.Application.BackGroundJobAdmin.dll
Updating: Ifs.Application.BAReportViewer.dll
Updating: Ifs.Application.BatchQueueAdministration.dll
Updating: Ifs.Application.Biaxsv_.dll
Updating: Ifs.Application.Biint_.dll
Updating: Ifs.Application.Biserv.ExcelReportAdmin.dll
Updating: Ifs.Application.CommonMessages.dll
Updating: Ifs.Application.ComponentDependencies.dll
Updating: Ifs.Application.ContextSubstitutionVariables.dll
Updating: Ifs.Application.CustomerSupport.dll
Updating: Ifs.Application.CustomMenus.dll
Updating: Ifs.Application.DatabaseAlertLog.dll
Updating: Ifs.Application.Enterp.dll
Updating: Ifs.Application.Enterp_.dll
Updating: Ifs.Application.EventAdministration.dll
Updating: Ifs.Application.ExcelReportAdministration.dll
Updating: Ifs.Application.F1Configuration.dll
Updating: Ifs.Application.FilterAdministration.dll
Updating: Ifs.Application.Fndadm.AppServerTasks.dll
Updating: Ifs.Application.Fndadm.BackgroundProcessing.dll
Updating: Ifs.Application.Fndadm.Connectivity.dll
Updating: Ifs.Application.Fndadm.DataArchive.dll
Updating: Ifs.Application.Fndadm.IALConfiguration.dll
Updating: Ifs.Application.Fndadm.IMPackage.dll
Updating: Ifs.Application.Fndadm.InstalledPatches.dll
Updating: Ifs.Application.Fndadm.LogicalUnits.dll
Updating: Ifs.Application.Fndadm.MessageQueues.dll
Updating: Ifs.Application.Fndadm.ObjectTracking.dll
Updating: Ifs.Application.Fndadm.OracleAdministration.dll
Updating: Ifs.Application.Fndadm.OracleAQAdmin.dll
Updating: Ifs.Application.Fndadm.PackageCode.dll
Updating: Ifs.Application.Fndadm.QueryHint.dll
Updating: Ifs.Application.Fndadm.QuickReport.dll
Updating: Ifs.Application.Fndadm.Replication.dll
Updating: Ifs.Application.Fndadm.ReportFonts.dll
Updating: Ifs.Application.Fndadm.ReportingConfiguration.dll
Updating: Ifs.Application.Fndadm.SecurityAdministration.dll
Updating: Ifs.Application.Fndadm.SQLQueryTool.dll
Updating: Ifs.Application.Fndadm.WebBrowser.dll
Updating: Ifs.Application.Fndcob.ConfigurationPackage.dll
Updating: Ifs.Application.fnddev.PerformanceAnalyzer.dll
Updating: Ifs.Application.Fndmig_.dll
Updating: Ifs.Application.Fndmob.AppParams.dll
Updating: Ifs.Application.Fndmob.DeviceActivation.dll
Updating: Ifs.Application.Fndmob.MobileApplication.dll
Updating: Ifs.Application.Fndmob.MobileFailedTransactions.dll
Updating: Ifs.Application.Fndmob.MobileLogs.dll
Updating: Ifs.Application.Fndmob.MobileUserAdministration.dll
Updating: Ifs.Application.Fndmob.Synchronization.dll
Updating: Ifs.Application.Fndrpl.dll
Updating: Ifs.Application.Fndrre.ManageReportRules.dll
Updating: Ifs.Application.HistoryLogAdministration.dll
Updating: Ifs.Application.HttpTester.dll
Updating: Ifs.Application.InfoServicesConfiguration.dll
Updating: Ifs.Application.LicenseManagement.dll
Updating: Ifs.Application.Localize.dll
Updating: Ifs.Application.ManageInMessage.dll
Updating: Ifs.Application.ManageInvalidObjects.dll
Updating: Ifs.Application.ManageLogicalPrinters.dll
Updating: Ifs.Application.ManageOutMessage.dll
Updating: Ifs.Application.ManageReportDefinitions.dll
Updating: Ifs.Application.ManageSystemInformation.dll
Updating: Ifs.Application.ManageSystemParameters.dll
Updating: Ifs.Application.MessageArchive.dll
Updating: Ifs.Application.MessageQueues.dll
Updating: Ifs.Application.MessageRouting.dll
Updating: Ifs.Application.MobileFailedTransactions.dll
Updating: Ifs.Application.MobileUserAdministration.dll
Updating: Ifs.Application.MsbiIntegration.dll
Updating: Ifs.Application.PresentationObject.dll
Updating: Ifs.Application.PresentationObjectNew.dll
Updating: Ifs.Application.PreviewHandler.dll
Updating: Ifs.Application.PrintServerPluginRegistration.dll
Updating: Ifs.Application.ProductArea.dll
Updating: Ifs.Application.QuickReporting.dll
Updating: Ifs.Application.SecurityAdministration.dll
Updating: Ifs.Application.SecurityCheckpointAdministration.dll
Updating: Ifs.Application.SegregationOfDutiesAdministration.dll
Updating: Ifs.Application.ServerCacheAdministration.dll
Updating: Ifs.Application.ServerLogAdministration.dll
Updating: Ifs.Application.TaskAdministration.dll
Updating: Ifs.Application.TaskChainAdministration.dll
Updating: Ifs.Application.TermAdministration.dll
Updating: Ifs.Application.TermBasicData.dll
Updating: Ifs.Application.TermBinding.dll
Updating: Ifs.Application.TermExplorer.dll
Updating: Ifs.Application.TermExportImport.dll
Updating: Ifs.Application.TermManagement.dll
Updating: Ifs.Application.TermStatistic.dll
Updating: Ifs.Application.TermTools.dll
Updating: Ifs.Application.TermTranslation.dll
Updating: Ifs.Application.TermUsageTranslation.dll
Updating: Ifs.Application.TermUtilities.dll
Updating: Ifs.Application.TermXMLUtilities.dll
Updating: Ifs.Application.TextTranslation.dll
Updating: Ifs.Application.TranslatableCodeScanning.dll
Updating: Ifs.Application.TranslationExchange.dll
Updating: Ifs.Application.UsedLanguages.dll
Updating: Ifs.Application.UserAdministration.dll
Updating: Ifs.Application.UserProfileAdministration.dll
Updating: Ifs.Application.WorkflowSettings.dll
Updating: Ifs.Fnd.Explorer.application
Updating: Ifs.Fnd.Explorer.exe.manifest
Updating: MapSource.xml
Updating: Microsoft.ReportViewer.Common.dll
Updating: Microsoft.ReportViewer.WinForms.dll
Updating: navigator.xml.gz
Updating: Terms.resources.zip
Updating: en-US\Ifs.Fnd.AccessProvider.Interactive.resources.dll
Updating: en-US\Ifs.Fnd.Diagnostics.resources.dll
Updating: en-US\Ifs.Fnd.Enumerations.resources.dll
Updating: en-US\Ifs.Fnd.Explorer.UI.resources.dll
Updating: en-US\Ifs.Language.en-US.zip
Updating: Microsoft.VC80.CRT\Microsoft.VC80.CRT.manifest
Updating: Microsoft.VC80.CRT\msvcm80.dll
Updating: Microsoft.VC80.CRT\msvcp80.dll
Updating: Microsoft.VC80.CRT\msvcr80.dll
Updating: Microsoft.VC80.MFC\mfc80.dll
Updating: Microsoft.VC80.MFC\mfc80u.dll
Updating: Microsoft.VC80.MFC\mfcm80.dll
Updating: Microsoft.VC80.MFC\mfcm80u.dll
Updating: Microsoft.VC90.CRT\Microsoft.VC90.CRT.manifest
Updating: Microsoft.VC90.CRT\msvcm90.dll
Updating: Microsoft.VC90.CRT\msvcp90.dll
Updating: Microsoft.VC90.CRT\msvcr90.dll
Updating: Microsoft.VC90.MFC\mfc90.dll
Updating: Microsoft.VC90.MFC\mfc90u.dll
Updating: Microsoft.VC90.MFC\mfcm90.dll
Updating: Microsoft.VC90.MFC\mfcm90u.dll
Updating: Microsoft.VC90.MFC\Microsoft.VC90.MFC.manifest
Updating: plugins\Ifs.Application.AddressControlBasicData.dll
Updating: plugins\Ifs.Application.AnalysisPanel.dll
Updating: plugins\Ifs.Application.BAReportServicePlugin.dll
Updating: plugins\Ifs.Application.BAReportsPlugin.dll
Updating: plugins\Ifs.Application.BIReportServicePlugin.dll
Updating: plugins\Ifs.Application.BusinessIntelligencePlugins.dll
Updating: plugins\Ifs.Application.ClientProfileExplorerPlugin.dll
Updating: plugins\Ifs.Application.CompositePageDesignersPlugin.dll
Updating: plugins\Ifs.Application.ConnectPlugins.dll
Updating: plugins\Ifs.Application.ExploreMaterializedViewsPlugin.dll
Updating: plugins\Ifs.Application.ExploreMobileUsersPlugin.dll
Updating: plugins\Ifs.Application.ExplorePermissionSetsPlugin.dll
Updating: plugins\Ifs.Application.ExploreUsersPlugin.dll
Updating: plugins\Ifs.Application.InfoServicesFramework.dll
Updating: plugins\Ifs.Application.MediaLibraryPlugin.dll
Updating: plugins\Ifs.Application.TechnicalObjectReferenceAttachmentPlugin.dll
Updating: plugins\Ifs.Application.TermExplorerPlugin.dll
Updating: plugins\Ifs.Application.TermSearch.dll
Updating: plugins\Ifs.Application.TermSearchPlugins.dll
Updating: plugins\Ifs.Fnd.CustomObjectsPlugin.dll
Updating: sv-SE\Ifs.Fnd.AccessProvider.Interactive.resources.dll
Updating: sv-SE\Ifs.Fnd.AccessProvider.resources.dll
Updating: sv-SE\Ifs.Fnd.Core.resources.dll
Updating: sv-SE\Ifs.Fnd.Diagnostics.resources.dll
Updating: sv-SE\Ifs.Fnd.Enumerations.resources.dll
Updating: sv-SE\Ifs.Fnd.Explorer.UI.resources.dll
Updating: sv-SE\Ifs.Language.sv-SE.zip
165 Files copied.
